<?xml version="1.0" encoding="UTF-8"?>
<!-- Generated by org.testng.reporters.JUnitXMLReporter -->
<testsuite ignored="1" hostname="DESKTOP-6Q2E9ON" failures="0" tests="2" name="Test" time="29.039" errors="0" timestamp="2021-04-16T09:14:09 EDT">
  <testcase classname="test.DemoTestng2" name="loginpage1" time="9.418"/>
  <testcase classname="test.DemoTestng2" name="loginpage2" time="7.623"/>
  <testcase classname="test.DemoTestng" name="loginpage" time="0.0">
    <ignored/>
  </testcase> <!-- loginpage -->
</testsuite> <!-- Test -->
